--- New computation ---
Sun Jun 21 17:15:45 2020
Array sorted. 
FILE: ./rand_int_10M.txt
THREADS: 1
TIME: 5930.11 ms
	OF WICH MERGE SORT: 5701.57 ms;
	OF WICH MERGE SUBARRAYS: 228.542 ms

--- New computation ---
Sun Jun 21 17:16:52 2020
5255>2100 at index 2148


Array NOT sorted. 
FILE: ./rand_int_10M.txt
THREADS: 2
TIME: 2769.96 ms
	OF WICH MERGE SORT: 2491.21 ms;
	OF WICH MERGE SUBARRAYS: 278.757 ms

--- New computation ---
Sun Jun 21 17:17:21 2020
Array sorted. 
FILE: ./rand_int_20.txt
THREADS: 2
TIME: 0.5121 ms
	OF WICH MERGE SORT: 0.4962 ms;
	OF WICH MERGE SUBARRAYS: 0.0159 ms

